<?xml version="1.0" encoding="UTF-8"?>
<!-- Generated by org.testng.reporters.JUnitReportReporter -->
<testsuite hostname="RajKumar" failures="0" tests="4" name="com.qa.runner.TestNGRunner" time="51.142" errors="0" timestamp="2024-08-10T18:33:48 IST" skipped="0">
  <testcase classname="com.qa.runner.TestNGRunner" name="runScenario" time="26.622"/>
  <testcase classname="com.qa.runner.TestNGRunner" name="runScenario" time="8.849"/>
  <testcase classname="com.qa.runner.TestNGRunner" name="runScenario" time="8.066"/>
  <testcase classname="com.qa.runner.TestNGRunner" name="runScenario" time="7.605"/>
</testsuite> <!-- com.qa.runner.TestNGRunner -->
