<?xml version="1.0" encoding="UTF-8"?>
<!-- Generated by org.testng.reporters.JUnitReportReporter -->
<testsuite hostname="RajKumar" failures="0" tests="4" name="com.qa.runner.TestNGRunner" time="57.182" errors="0" timestamp="2024-08-09T20:47:18 IST" skipped="0">
  <testcase classname="com.qa.runner.TestNGRunner" name="runScenario" time="22.434"/>
  <testcase classname="com.qa.runner.TestNGRunner" name="runScenario" time="14.578"/>
  <testcase classname="com.qa.runner.TestNGRunner" name="runScenario" time="11.880"/>
  <testcase classname="com.qa.runner.TestNGRunner" name="runScenario" time="8.290"/>
</testsuite> <!-- com.qa.runner.TestNGRunner -->
