<?xml version="1.0" encoding="UTF-8"?>
<!-- Generated by org.testng.reporters.JUnitReportReporter -->
<testsuite hostname="RajKumar" failures="0" tests="4" name="com.qa.runner.TestNGRunner" time="79.389" errors="0" timestamp="2024-08-25T13:25:38 IST" skipped="0">
  <testcase classname="com.qa.runner.TestNGRunner" name="runScenario" time="30.282"/>
  <testcase classname="com.qa.runner.TestNGRunner" name="runScenario" time="15.561"/>
  <testcase classname="com.qa.runner.TestNGRunner" name="runScenario" time="21.128"/>
  <testcase classname="com.qa.runner.TestNGRunner" name="runScenario" time="12.418"/>
</testsuite> <!-- com.qa.runner.TestNGRunner -->
